<?xml version="1.0" encoding="UTF-8"?>
<testng-results ignored="0" total="2" passed="2" failed="0" skipped="0">
  <reporter-output>
    <line>
      <![CDATA[Login Page Validate Seccessfully]]>
    </line>
    <line>
      <![CDATA[Login Successfully]]>
    </line>
  </reporter-output>
  <suite started-at="2023-06-24T17:59:09 IST" name="Default suite" finished-at="2023-06-24T17:59:19 IST" duration-ms="9745">
    <groups>
    </groups>
    <test started-at="2023-06-24T17:59:09 IST" name="Default test" finished-at="2023-06-24T17:59:19 IST" duration-ms="9745">
      <class name="TestNg.Annotation">
        <test-method is-config="true" signature="setup()[pri:0, instance:TestNg.Annotation@1ffaf86]" started-at="2023-06-24T17:59:09 IST" name="setup" finished-at="2023-06-24T17:59:09 IST" duration-ms="4" status="PASS">
          <reporter-output>
          </reporter-output>
        </test-method> <!-- setup -->
        <test-method is-config="true" signature="OpenPortal()[pri:0, instance:TestNg.Annotation@1ffaf86]" started-at="2023-06-24T17:59:09 IST" name="OpenPortal" finished-at="2023-06-24T17:59:12 IST" duration-ms="2623" status="PASS">
          <reporter-output>
          </reporter-output>
        </test-method> <!-- OpenPortal -->
        <test-method signature="verifyLoginPage()[pri:0, instance:TestNg.Annotation@1ffaf86]" started-at="2023-06-24T17:59:12 IST" name="verifyLoginPage" finished-at="2023-06-24T17:59:15 IST" duration-ms="3123" status="PASS">
          <reporter-output>
            <line>
              <![CDATA[Login Page Validate Seccessfully]]>
            </line>
          </reporter-output>
        </test-method> <!-- verifyLoginPage -->
        <test-method is-config="true" signature="OpenPortal()[pri:0, instance:TestNg.Annotation@1ffaf86]" started-at="2023-06-24T17:59:15 IST" name="OpenPortal" finished-at="2023-06-24T17:59:16 IST" duration-ms="732" status="PASS">
          <reporter-output>
          </reporter-output>
        </test-method> <!-- OpenPortal -->
        <test-method signature="validateLogin()[pri:1, instance:TestNg.Annotation@1ffaf86]" started-at="2023-06-24T17:59:16 IST" name="validateLogin" finished-at="2023-06-24T17:59:19 IST" duration-ms="3248" status="PASS">
          <reporter-output>
            <line>
              <![CDATA[Login Successfully]]>
            </line>
          </reporter-output>
        </test-method> <!-- validateLogin -->
        <test-method is-config="true" signature="teardown1()[pri:0, instance:TestNg.Annotation@1ffaf86]" started-at="2023-06-24T17:59:19 IST" name="teardown1" finished-at="2023-06-24T17:59:27 IST" duration-ms="8236" status="PASS">
          <reporter-output>
          </reporter-output>
        </test-method> <!-- teardown1 -->
      </class> <!-- TestNg.Annotation -->
    </test> <!-- Default test -->
  </suite> <!-- Default suite -->
</testng-results>
